0 info it worked if it ends with ok
1 verbose cli [ '/Users/Danny/.nvm/v0.10.33/bin/node',
1 verbose cli   '/Users/Danny/.nvm/v0.10.33/bin/npm',
1 verbose cli   'install',
1 verbose cli   '--save',
1 verbose cli   'js-bson' ]
2 info using npm@1.4.28
3 info using node@v0.10.33
4 warn package.json socialapp@ No description
5 warn package.json socialapp@ No repository field.
6 warn package.json socialapp@ No README data
7 verbose readDependencies using package.json deps
8 verbose cache add [ 'js-bson', null ]
9 verbose cache add name=undefined spec="js-bson" args=["js-bson",null]
10 verbose parsed url { protocol: null,
10 verbose parsed url   slashes: null,
10 verbose parsed url   auth: null,
10 verbose parsed url   host: null,
10 verbose parsed url   port: null,
10 verbose parsed url   hostname: null,
10 verbose parsed url   hash: null,
10 verbose parsed url   search: null,
10 verbose parsed url   query: null,
10 verbose parsed url   pathname: 'js-bson',
10 verbose parsed url   path: 'js-bson',
10 verbose parsed url   href: 'js-bson' }
11 silly lockFile 39987484-js-bson js-bson
12 verbose lock js-bson /Users/Danny/.npm/39987484-js-bson.lock
13 silly lockFile 39987484-js-bson js-bson
14 silly lockFile 39987484-js-bson js-bson
15 verbose addNamed [ 'js-bson', '' ]
16 verbose addNamed [ null, '*' ]
17 silly lockFile a5c0f890-js-bson js-bson@
18 verbose lock js-bson@ /Users/Danny/.npm/a5c0f890-js-bson.lock
19 silly addNameRange { name: 'js-bson', range: '*', hasData: false }
20 verbose request where is /js-bson
21 verbose request registry https://registry.npmjs.org/
22 verbose request id b8af963a8b2ceee7
23 verbose url raw /js-bson
24 verbose url resolving [ 'https://registry.npmjs.org/', './js-bson' ]
25 verbose url resolved https://registry.npmjs.org/js-bson
26 verbose request where is https://registry.npmjs.org/js-bson
27 info trying registry request attempt 1 at 21:34:41
28 http GET https://registry.npmjs.org/js-bson
29 http 404 https://registry.npmjs.org/js-bson
30 verbose headers { date: 'Thu, 29 Jan 2015 05:34:42 GMT',
30 verbose headers   server: 'CouchDB/1.5.0 (Erlang OTP/R16B03)',
30 verbose headers   'content-type': 'application/json',
30 verbose headers   'cache-control': 'max-age=0',
30 verbose headers   'content-length': '52',
30 verbose headers   'accept-ranges': 'bytes',
30 verbose headers   via: '1.1 varnish',
30 verbose headers   age: '0',
30 verbose headers   'x-served-by': 'cache-sjc3124-SJC',
30 verbose headers   'x-cache': 'MISS',
30 verbose headers   'x-cache-hits': '0',
30 verbose headers   'x-timer': 'S1422509682.093502,VS0,VE35',
30 verbose headers   'keep-alive': 'timeout=10, max=50',
30 verbose headers   connection: 'Keep-Alive' }
31 silly registry.get cb [ 404,
31 silly registry.get   { date: 'Thu, 29 Jan 2015 05:34:42 GMT',
31 silly registry.get     server: 'CouchDB/1.5.0 (Erlang OTP/R16B03)',
31 silly registry.get     'content-type': 'application/json',
31 silly registry.get     'cache-control': 'max-age=0',
31 silly registry.get     'content-length': '52',
31 silly registry.get     'accept-ranges': 'bytes',
31 silly registry.get     via: '1.1 varnish',
31 silly registry.get     age: '0',
31 silly registry.get     'x-served-by': 'cache-sjc3124-SJC',
31 silly registry.get     'x-cache': 'MISS',
31 silly registry.get     'x-cache-hits': '0',
31 silly registry.get     'x-timer': 'S1422509682.093502,VS0,VE35',
31 silly registry.get     'keep-alive': 'timeout=10, max=50',
31 silly registry.get     connection: 'Keep-Alive' } ]
32 silly lockFile a5c0f890-js-bson js-bson@
33 silly lockFile a5c0f890-js-bson js-bson@
34 error 404 404 Not Found: js-bson
34 error 404
34 error 404 'js-bson' is not in the npm registry.
34 error 404 You should bug the author to publish it
34 error 404 It was specified as a dependency of 'socialapp'
34 error 404
34 error 404 Note that you can also install from a
34 error 404 tarball, folder, or http url, or git url.
35 error System Darwin 14.0.0
36 error command "/Users/Danny/.nvm/v0.10.33/bin/node" "/Users/Danny/.nvm/v0.10.33/bin/npm" "install" "--save" "js-bson"
37 error cwd /Users/Danny/Documents/BimScout/MEANStackBook/NodeSetup
38 error node -v v0.10.33
39 error npm -v 1.4.28
40 error code E404
41 verbose exit [ 1, true ]
